c:\cpp-gametechlab-project-w05\build\verstappenengine.dir\release\imgui.obj
c:\cpp-gametechlab-project-w05\build\verstappenengine.dir\release\imgui_tables.obj
c:\cpp-gametechlab-project-w05\build\verstappenengine.dir\release\main.obj
c:\cpp-gametechlab-project-w05\build\verstappenengine.dir\release\uniformgrid.obj
c:\cpp-gametechlab-project-w05\build\verstappenengine.dir\release\scenemanager.obj
c:\cpp-gametechlab-project-w05\build\verstappenengine.dir\release\sscenefilesystempanel.obj
c:\cpp-gametechlab-project-w05\build\verstappenengine.dir\release\assetloader.obj
c:\cpp-gametechlab-project-w05\build\verstappenengine.dir\release\imgui_widgets.obj
c:\cpp-gametechlab-project-w05\build\verstappenengine.dir\release\scontrolpanel.obj
c:\cpp-gametechlab-project-w05\build\verstappenengine.dir\release\imgui_demo.obj
c:\cpp-gametechlab-project-w05\build\verstappenengine.dir\release\renderer.obj
c:\cpp-gametechlab-project-w05\build\verstappenengine.dir\release\sconsolepanel.obj
c:\cpp-gametechlab-project-w05\build\verstappenengine.dir\release\imgui_impl_dx11.obj
c:\cpp-gametechlab-project-w05\build\verstappenengine.dir\release\spropertywindowpanel.obj
c:\cpp-gametechlab-project-w05\build\verstappenengine.dir\release\imgui_draw.obj
c:\cpp-gametechlab-project-w05\build\verstappenengine.dir\release\sperformanceoverlay.obj
c:\cpp-gametechlab-project-w05\build\verstappenengine.dir\release\editorlayer.obj
c:\cpp-gametechlab-project-w05\build\verstappenengine.dir\release\sscenemanagerpanel.obj
c:\cpp-gametechlab-project-w05\build\verstappenengine.dir\release\sceneserializer.obj
c:\cpp-gametechlab-project-w05\build\verstappenengine.dir\release\app.obj
c:\cpp-gametechlab-project-w05\build\verstappenengine.dir\release\imgui_impl_win32.obj
c:\cpp-gametechlab-project-w05\build\cmakefiles\generate.stamp
c:\cpp-gametechlab-project-w05\build\release\verstappenengine.exe
c:\cpp-gametechlab-project-w05\build\verstappenengine.dir\release\verstappenengine.iobj
c:\cpp-gametechlab-project-w05\build\verstappenengine.dir\release\verstappenengine.tlog\cl.command.1.tlog
c:\cpp-gametechlab-project-w05\build\verstappenengine.dir\release\verstappenengine.tlog\cl.items.tlog
c:\cpp-gametechlab-project-w05\build\verstappenengine.dir\release\verstappenengine.tlog\cl.read.1.tlog
c:\cpp-gametechlab-project-w05\build\verstappenengine.dir\release\verstappenengine.tlog\cl.write.1.tlog
c:\cpp-gametechlab-project-w05\build\verstappenengine.dir\release\verstappenengine.tlog\custombuild.command.1.tlog
c:\cpp-gametechlab-project-w05\build\verstappenengine.dir\release\verstappenengine.tlog\custombuild.read.1.tlog
c:\cpp-gametechlab-project-w05\build\verstappenengine.dir\release\verstappenengine.tlog\custombuild.write.1.tlog
c:\cpp-gametechlab-project-w05\build\verstappenengine.dir\release\verstappenengine.tlog\link.command.1.tlog
c:\cpp-gametechlab-project-w05\build\verstappenengine.dir\release\verstappenengine.tlog\link.read.1.tlog
c:\cpp-gametechlab-project-w05\build\verstappenengine.dir\release\verstappenengine.tlog\link.secondary.1.tlog
c:\cpp-gametechlab-project-w05\build\verstappenengine.dir\release\verstappenengine.tlog\link.write.1.tlog
